<?xml version="1.0" encoding="UTF-8"?>
<testng-results skipped="0" failed="0" ignored="0" total="0" passed="0">
  <reporter-output>
  </reporter-output>
  <suite name="Base.TestBase" duration-ms="9" started-at="2021-04-16T13:59:17 IST" finished-at="2021-04-16T13:59:17 IST">
    <groups>
    </groups>
    <test name="Command line test" duration-ms="9" started-at="2021-04-16T13:59:17 IST" finished-at="2021-04-16T13:59:17 IST">
      <class name="Base.TestBase">
        <test-method status="PASS" signature="setUP()[pri:0, instance:Base.TestBase@4c371370]" name="setUP" is-config="true" duration-ms="15613" started-at="2021-04-16T13:59:01 IST" finished-at="2021-04-16T13:59:17 IST">
          <reporter-output>
          </reporter-output>
        </test-method> <!-- setUP -->
        <test-method status="PASS" signature="tearDown()[pri:0, instance:Base.TestBase@4c371370]" name="tearDown" is-config="true" duration-ms="5211" started-at="2021-04-16T13:59:17 IST" finished-at="2021-04-16T13:59:22 IST">
          <reporter-output>
          </reporter-output>
        </test-method> <!-- tearDown -->
      </class> <!-- Base.TestBase -->
    </test> <!-- Command line test -->
  </suite> <!-- Base.TestBase -->
</testng-results>
